#
# A fatal error has been detected by the Java Runtime Environment:
#
#  EXCEPTION_ACCESS_VIOLATION (0xc0000005) at pc=0x00007fff78c87087, pid=15608, tid=2044
#
# JRE version: OpenJDK Runtime Environment Temurin-21.0.5+11 (21.0.5+11) (build 21.0.5+11-LTS)
# Java VM: OpenJDK 64-Bit Server VM Temurin-21.0.5+11 (21.0.5+11-LTS, mixed mode, sharing, tiered, compressed oops, compressed class ptrs, g1 gc, windows-amd64)
# Problematic frame:
# V  [jvm.dll+0x337087]
#
# No core dump will be written. Minidumps are not enabled by default on client versions of Windows
#
# If you would like to submit a bug report, please visit:
#   https://github.com/adoptium/adoptium-support/issues
#

---------------  S U M M A R Y ------------

Command Line: -javaagent:E:\IntelliJ IDEA 2024.3.1.1\lib\idea_rt.jar=52240:E:\IntelliJ IDEA 2024.3.1.1\bin -Dfile.encoding=UTF-8 -Dsun.stdout.encoding=UTF-8 -Dsun.stderr.encoding=UTF-8 --module-path=E:\AndroidStuidoProjects\HI1029\target\classes;C:\Users\rambe\.m2\repository\org\openjfx\javafx-controls\20.0.1\javafx-controls-20.0.1-win.jar;C:\Users\rambe\.m2\repository\org\openjfx\javafx-fxml\20.0.1\javafx-fxml-20.0.1-win.jar;C:\Users\rambe\.m2\repository\org\openjfx\javafx-base\20.0.1\javafx-base-20.0.1-win.jar;C:\Users\rambe\.m2\repository\org\openjfx\javafx-graphics\20.0.1\javafx-graphics-20.0.1-win.jar -Djdk.module.main=com.example.hi1029 com.example.hi1029/com.example.hi1029.F6.WideBalls

Host: Intel(R) Core(TM) i5-9600K CPU @ 3.70GHz, 6 cores, 15G,  Windows 11 , 64 bit Build 26100 (10.0.26100.3323)
Time: Thu Mar  6 16:05:54 2025 W. Europe Standard Time elapsed time: 0.350575 seconds (0d 0h 0m 0s)

---------------  T H R E A D  ---------------

Current thread (0x000002cce94c74b0):  WorkerThread "GC Thread#2"    [id=2044, stack(0x000000f065400000,0x000000f065500000) (1024K)]

Stack: [0x000000f065400000,0x000000f065500000],  sp=0x000000f0654ff600,  free space=1021k
Native frames: (J=compiled Java code, j=interpreted, Vv=VM code, C=native code)
V  [jvm.dll+0x337087]
V  [jvm.dll+0x358b91]
V  [jvm.dll+0x36cc29]
V  [jvm.dll+0x36d2ea]
V  [jvm.dll+0x36d3d7]
V  [jvm.dll+0x36e26b]
V  [jvm.dll+0x8d5807]
V  [jvm.dll+0x8514fb]
V  [jvm.dll+0x6cbbed]
C  [ucrtbase.dll+0x37b0]
C  [KERNEL32.DLL+0x2e8d7]
C  [ntdll.dll+0xbbf6c]


siginfo: EXCEPTION_ACCESS_VIOLATION (0xc0000005), data execution prevention violation at address 0x00007fff70487087


Registers:
RAX=0x0000000000000000, RBX=0x0000000000000000, RCX=0x0000000000000000, RDX=0x0000000000000000
RSP=0x000000f0654ff600, RBP=0x000002ccca024190, RSI=0x0000000000000002, RDI=0x000002ccc7cb6f50
R8 =0x0000000000000000, R9 =0x0000000000000005, R10=0x0000000000000000, R11=0x0000000000000028
R12=0x000000000000000c, R13=0x0000000000000010, R14=0x0000000000000002, R15=0x000000f0654ff680
RIP=0x00007fff78c87087, EFLAGS=0x0000000000010246


Register to memory mapping:

RAX=0x0 is null
RBX=0x0 is null
RCX=0x0 is null
RDX=0x0 is null
RSP=0x000000f0654ff600 points into unknown readable memory: 0x000000f0646f0000 | 00 00 6f 64 f0 00 00 00
RBP=0x000002ccca024190 points into unknown readable memory: 0x0000000000000000 | 00 00 00 00 00 00 00 00
RSI=0x0000000000000002 is an unknown value
RDI=0x000002ccc7cb6f50 points into unknown readable memory: 0x00007fff79373aa8 | a8 3a 37 79 ff 7f 00 00
R8 =0x0 is null
R9 =0x0000000000000005 is an unknown value
R10=0x0 is null
R11=0x0000000000000028 is an unknown value
R12=0x000000000000000c is an unknown value
R13=0x0000000000000010 is an unknown value
R14=0x0000000000000002 is an unknown value
R15=0x000000f0654ff680 points into unknown readable memory: 0x00000007055e3dcd | cd 3d 5e 05 07 00 00 00

Top of Stack: (sp=0x000000f0654ff600)
0x000000f0654ff600:   000000f0646f0000 0000000000000100
0x000000f0654ff610:   0000000000000000 0000000000000020
0x000000f0654ff620:   0000000000000003 0000000000000000
0x000000f0654ff630:   000002cce9519160 0000000000000004
0x000000f0654ff640:   00000007055e3dcc 00007fff78ca8b91
0x000000f0654ff650:   000002cce9519160 000000f0654ff6e0
0x000000f0654ff660:   000002ccc7cb6f50 0000000000000018
0x000000f0654ff670:   000000f0654ff750 00007fff78cbcc29
0x000000f0654ff680:   00000007055e3dcd 0000000000000002
0x000000f0654ff690:   0000000000000000 000000f0654ff750
0x000000f0654ff6a0:   000000f0646ff120 00007fff7901623f
0x000000f0654ff6b0:   0000000000000000 0000000000000000
0x000000f0654ff6c0:   000002cce9000000 00007fff78cb395f
0x000000f0654ff6d0:   000002cce94dbc00 00007fff791ac7c7
0x000000f0654ff6e0:   000002cce923cf20 000002cce94dbc00
0x000000f0654ff6f0:   00000000000003d8 000002cce923d308
0x000000f0654ff700:   0000000000000002 00007fff78cbd2ea
0x000000f0654ff710:   000002cce9519160 0000000000000014
0x000000f0654ff720:   000000f0646ff120 000002ccca0225a0
0x000000f0654ff730:   0000001200000010 0000000000000002
0x000000f0654ff740:   00000000002c27c5 000000003e2bbbee
0x000000f0654ff750:   00007fff7937d438 3fd6432152601f25
0x000000f0654ff760:   3f6d4fd1cf6b1280 0000000000000d8c
0x000000f0654ff770:   000002ccca01bf80 000002cce9519160
0x000000f0654ff780:   000002ccc7cb6f50 000000f0646ff150
0x000000f0654ff790:   0000000000000014 0000000000000000
0x000000f0654ff7a0:   0000000000000000 0000000000000000
0x000000f0654ff7b0:   000002cce923cf30 00007fff78cbd3d7
0x000000f0654ff7c0:   000002cce9519160 0000000000000002
0x000000f0654ff7d0:   000002cce94f4b90 000000f0646ff120
0x000000f0654ff7e0:   000002cc00000016 000000f000000014
0x000000f0654ff7f0:   000000f0646ff120 00007fff78cbe26b 

Instructions: (pc=0x00007fff78c87087)
0x00007fff78c86f87:   d2 89 85 04 02 00 00 f7 77 08 44 8b ca 3b d6 74
0x00007fff78c86f97:   b8 8b de 66 0f 1f 44 00 00 3b de 74 05 41 3b d9
0x00007fff78c86fa7:   75 45 44 8b 85 04 02 00 00 b8 5f 0b 4e 83 41 f7
0x00007fff78c86fb7:   e8 41 03 d0 c1 fa 10 8b c2 c1 e8 1f 03 d0 41 69
0x00007fff78c86fc7:   c0 a7 41 00 00 69 ca ff ff ff 7f 2b c1 85 c0 8d
0x00007fff78c86fd7:   88 ff ff ff 7f 0f 4e c1 33 d2 89 85 04 02 00 00
0x00007fff78c86fe7:   f7 77 08 8b da eb b2 41 8b c1 4c 8d 1c c5 00 00
0x00007fff78c86ff7:   00 00 48 8b 47 10 49 8b 0c 03 8b 81 00 01 00 00
0x00007fff78c87007:   44 8b 81 80 00 00 00 44 2b c0 b8 00 00 00 00 41
0x00007fff78c87017:   81 e0 ff ff 01 00 41 81 f8 ff ff 01 00 44 0f 44
0x00007fff78c87027:   c0 8b c3 4c 8d 14 c5 00 00 00 00 48 8b 47 10 49
0x00007fff78c87037:   8b 0c 02 8b 81 00 01 00 00 8b 91 80 00 00 00 33
0x00007fff78c87047:   c9 2b d0 8b c1 81 e2 ff ff 01 00 81 fa ff ff 01
0x00007fff78c87057:   00 0f 44 d1 41 3b d0 76 0a 48 8b 47 10 49 8b 0c
0x00007fff78c87067:   02 eb 10 45 85 c0 74 18 48 8b 47 10 41 8b d9 49
0x00007fff78c87077:   8b 0c 03 49 8b d7 e8 4e e6 ff ff 83 f8 02 74 05
0x00007fff78c87087:   bb ff ff ff ff 89 9d 00 02 00 00 eb 14 75 17 8d
0x00007fff78c87097:   46 ff 49 8b d7 83 e0 01 48 8b 0c c1 e8 28 e6 ff
0x00007fff78c870a7:   ff 83 f8 02 74 2b 41 ff c6 45 3b f4 0f 82 77 fe
0x00007fff78c870b7:   ff ff 32 c0 48 8b 5c 24 50 48 8b 6c 24 58 48 8b
0x00007fff78c870c7:   74 24 60 48 83 c4 20 41 5f 41 5e 41 5d 41 5c 5f
0x00007fff78c870d7:   c3 b0 01 eb df cc cc cc cc 48 8b 89 50 06 00 00
0x00007fff78c870e7:   e9 44 e9 59 00 cc cc cc cc 48 89 54 24 10 4c 89
0x00007fff78c870f7:   44 24 18 4c 89 4c 24 20 53 48 83 ec 20 48 8b d9
0x00007fff78c87107:   4c 8d 4c 24 40 4c 8b c2 48 8d 0d 3a c1 94 00 ba
0x00007fff78c87117:   01 00 00 00 e8 00 a9 2a 00 48 8b c3 48 83 c4 20
0x00007fff78c87127:   5b c3 cc cc cc cc cc cc cc 48 89 5c 24 18 55 57
0x00007fff78c87137:   41 57 48 83 ec 20 48 8b 41 18 4c 8b f9 8b 7a 38
0x00007fff78c87147:   48 8d 4a 3c 48 8b da 48 8b 80 60 06 00 00 48 8b
0x00007fff78c87157:   2c f8 8b 01 c1 e8 02 48 c1 e5 03 a8 01 0f 84 11
0x00007fff78c87167:   01 00 00 8b 42 3c 83 f8 04 0f 85 60 01 00 00 48
0x00007fff78c87177:   89 74 24 40 4c 89 74 24 48 4d 8b 77 10 0f 1f 40 


Stack slot to memory mapping:

stack at sp + 0 slots: 0x000000f0646f0000 is an unknown value
stack at sp + 1 slots: 0x0000000000000100 is an unknown value
stack at sp + 2 slots: 0x0 is null
stack at sp + 3 slots: 0x0000000000000020 is an unknown value
stack at sp + 4 slots: 0x0000000000000003 is an unknown value
stack at sp + 5 slots: 0x0 is null
stack at sp + 6 slots: 0x000002cce9519160 points into unknown readable memory: 0x00007fff7937abd8 | d8 ab 37 79 ff 7f 00 00
stack at sp + 7 slots: 0x0000000000000004 is an unknown value


---------------  P R O C E S S  ---------------

Threads class SMR info:
_java_thread_list=0x000002cce94f13f0, length=12, elements={
0x000002ccca007a30, 0x000002cce8cdd460, 0x000002cce8cde0b0, 0x000002cce9125670,
0x000002cce91260c0, 0x000002cce9126b10, 0x000002cce9127960, 0x000002cce912f720,
0x000002cce91382f0, 0x000002cce8cb2b50, 0x000002cce94db5a0, 0x000002cce94d7cb0
}

Java Threads: ( => current thread )
  0x000002ccca007a30 JavaThread "main"                              [_thread_blocked, id=7108, stack(0x000000f063f00000,0x000000f064000000) (1024K)]
  0x000002cce8cdd460 JavaThread "Reference Handler"          daemon [_thread_blocked, id=20296, stack(0x000000f064700000,0x000000f064800000) (1024K)]
  0x000002cce8cde0b0 JavaThread "Finalizer"                  daemon [_thread_blocked, id=9072, stack(0x000000f064800000,0x000000f064900000) (1024K)]
  0x000002cce9125670 JavaThread "Signal Dispatcher"          daemon [_thread_blocked, id=18008, stack(0x000000f064900000,0x000000f064a00000) (1024K)]
  0x000002cce91260c0 JavaThread "Attach Listener"            daemon [_thread_blocked, id=19568, stack(0x000000f064a00000,0x000000f064b00000) (1024K)]
  0x000002cce9126b10 JavaThread "Service Thread"             daemon [_thread_blocked, id=20012, stack(0x000000f064b00000,0x000000f064c00000) (1024K)]
  0x000002cce9127960 JavaThread "Monitor Deflation Thread"   daemon [_thread_blocked, id=12040, stack(0x000000f064c00000,0x000000f064d00000) (1024K)]
  0x000002cce912f720 JavaThread "C2 CompilerThread0"         daemon [_thread_blocked, id=20060, stack(0x000000f064d00000,0x000000f064e00000) (1024K)]
  0x000002cce91382f0 JavaThread "C1 CompilerThread0"         daemon [_thread_blocked, id=15088, stack(0x000000f064e00000,0x000000f064f00000) (1024K)]
  0x000002cce8cb2b50 JavaThread "Common-Cleaner"             daemon [_thread_blocked, id=1092, stack(0x000000f064f00000,0x000000f065000000) (1024K)]
  0x000002cce94db5a0 JavaThread "Monitor Ctrl-Break"         daemon [_thread_in_native, id=6988, stack(0x000000f065100000,0x000000f065200000) (1024K)]
  0x000002cce94d7cb0 JavaThread "Notification Thread"        daemon [_thread_blocked, id=3388, stack(0x000000f065200000,0x000000f065300000) (1024K)]
Total: 12

Other Threads:
  0x000002cce8cc4130 VMThread "VM Thread"                           [id=1512, stack(0x000000f064600000,0x000000f064700000) (1024K)]
  0x000002cce8cb1ab0 WatcherThread "VM Periodic Task Thread"        [id=19460, stack(0x000000f064500000,0x000000f064600000) (1024K)]
  0x000002ccca071250 WorkerThread "GC Thread#0"                     [id=7420, stack(0x000000f064000000,0x000000f064100000) (1024K)]
  0x000002cce94c7110 WorkerThread "GC Thread#1"                     [id=1336, stack(0x000000f065300000,0x000000f065400000) (1024K)]
=>0x000002cce94c74b0 WorkerThread "GC Thread#2"                     [id=2044, stack(0x000000f065400000,0x000000f065500000) (1024K)]
  0x000002cce94c7850 WorkerThread "GC Thread#3"                     [id=8676, stack(0x000000f065500000,0x000000f065600000) (1024K)]
  0x000002cce94c7bf0 WorkerThread "GC Thread#4"                     [id=6228, stack(0x000000f065600000,0x000000f065700000) (1024K)]
  0x000002cce94c7f90 WorkerThread "GC Thread#5"                     [id=12912, stack(0x000000f065700000,0x000000f065800000) (1024K)]
  0x000002ccca0834e0 ConcurrentGCThread "G1 Main Marker"            [id=7860, stack(0x000000f064100000,0x000000f064200000) (1024K)]
  0x000002ccca084e60 WorkerThread "G1 Conc#0"                       [id=17944, stack(0x000000f064200000,0x000000f064300000) (1024K)]
  0x000002cce8b62070 ConcurrentGCThread "G1 Refine#0"               [id=16080, stack(0x000000f064300000,0x000000f064400000) (1024K)]
  0x000002cce8b62990 ConcurrentGCThread "G1 Service"                [id=6012, stack(0x000000f064400000,0x000000f064500000) (1024K)]
Total: 12

Threads with active compile tasks:
C2 CompilerThread0  373  513 %     4       com.example.hi1029.F6.WideBalls::exchange @ 21 (223 bytes)
Total: 1

VM state: at safepoint (normal execution)

VM Mutex/Monitor currently owned by a thread:  ([mutex/lock_event])
[0x00007fff795fd380] Threads_lock - owner thread: 0x000002cce8cc4130
[0x00007fff795fd480] Heap_lock - owner thread: 0x000002ccca007a30

Heap address: 0x0000000701600000, size: 4074 MB, Compressed Oops mode: Zero based, Oop shift amount: 3

CDS archive(s) mapped at: [0x000002cc80000000-0x000002cc80c80000-0x000002cc80c80000), size 13107200, SharedBaseAddress: 0x000002cc80000000, ArchiveRelocationMode: 1.
Compressed class space mapped at: 0x000002cc81000000-0x000002ccc1000000, reserved size: 1073741824
Narrow klass base: 0x000002cc80000000, Narrow klass shift: 0, Narrow klass range: 0x100000000

GC Precious Log:
 CardTable entry size: 512
 Card Set container configuration: InlinePtr #cards 4 size 8 Array Of Cards #cards 16 size 48 Howl #buckets 8 coarsen threshold 3686 Howl Bitmap #cards 512 size 80 coarsen threshold 460 Card regions per heap region 1 cards per card region 4096
 CPUs: 6 total, 6 available
 Memory: 16292M
 Large Page Support: Disabled
 NUMA Support: Disabled
 Compressed Oops: Enabled (Zero based)
 Heap Region Size: 2M
 Heap Min Capacity: 8M
 Heap Initial Capacity: 256M
 Heap Max Capacity: 4074M
 Pre-touch: Disabled
 Parallel Workers: 6
 Concurrent Workers: 2
 Concurrent Refinement Workers: 6
 Periodic GC: Disabled

Heap:
 garbage-first heap   total 262144K, used 71680K [0x0000000701600000, 0x0000000800000000)
  region size 2048K, 13 young (26624K), 2 survivors (4096K)
 Metaspace       used 1256K, committed 1408K, reserved 1114112K
  class space    used 102K, committed 192K, reserved 1048576K

Heap Regions: E=young(eden), S=young(survivor), O=old, HS=humongous(starts), HC=humongous(continues), CS=collection set, F=free, TAMS=top-at-mark-start, PB=parsable bottom
|   0|0x0000000701600000, 0x0000000701800000, 0x0000000701800000|100%| O|  |TAMS 0x0000000701600000| PB 0x0000000701600000| Untracked 
|   1|0x0000000701800000, 0x0000000701a00000, 0x0000000701a00000|100%| O|  |TAMS 0x0000000701800000| PB 0x0000000701800000| Untracked 
|   2|0x0000000701a00000, 0x0000000701c00000, 0x0000000701c00000|100%| O|  |TAMS 0x0000000701a00000| PB 0x0000000701a00000| Untracked 
|   3|0x0000000701c00000, 0x0000000701e00000, 0x0000000701e00000|100%| O|  |TAMS 0x0000000701c00000| PB 0x0000000701c00000| Untracked 
|   4|0x0000000701e00000, 0x0000000702000000, 0x0000000702000000|100%| O|  |TAMS 0x0000000701e00000| PB 0x0000000701e00000| Untracked 
|   5|0x0000000702000000, 0x0000000702200000, 0x0000000702200000|100%| O|  |TAMS 0x0000000702000000| PB 0x0000000702000000| Untracked 
|   6|0x0000000702200000, 0x0000000702400000, 0x0000000702400000|100%| O|  |TAMS 0x0000000702200000| PB 0x0000000702200000| Untracked 
|   7|0x0000000702400000, 0x0000000702600000, 0x0000000702600000|100%| O|  |TAMS 0x0000000702400000| PB 0x0000000702400000| Untracked 
|   8|0x0000000702600000, 0x0000000702800000, 0x0000000702800000|100%| O|  |TAMS 0x0000000702600000| PB 0x0000000702600000| Untracked 
|   9|0x0000000702800000, 0x0000000702a00000, 0x0000000702a00000|100%| O|  |TAMS 0x0000000702800000| PB 0x0000000702800000| Untracked 
|  10|0x0000000702a00000, 0x0000000702c00000, 0x0000000702c00000|100%| O|  |TAMS 0x0000000702a00000| PB 0x0000000702a00000| Untracked 
|  11|0x0000000702c00000, 0x0000000702e00000, 0x0000000702e00000|100%| O|  |TAMS 0x0000000702c00000| PB 0x0000000702c00000| Untracked 
|  12|0x0000000702e00000, 0x0000000703000000, 0x0000000703000000|100%| O|  |TAMS 0x0000000702e00000| PB 0x0000000702e00000| Untracked 
|  13|0x0000000703000000, 0x0000000703200000, 0x0000000703200000|100%| O|  |TAMS 0x0000000703000000| PB 0x0000000703000000| Untracked 
|  14|0x0000000703200000, 0x0000000703400000, 0x0000000703400000|100%| O|  |TAMS 0x0000000703200000| PB 0x0000000703200000| Untracked 
|  15|0x0000000703400000, 0x0000000703600000, 0x0000000703600000|100%| O|  |TAMS 0x0000000703400000| PB 0x0000000703400000| Untracked 
|  16|0x0000000703600000, 0x0000000703800000, 0x0000000703800000|100%| O|  |TAMS 0x0000000703600000| PB 0x0000000703600000| Untracked 
|  17|0x0000000703800000, 0x0000000703a00000, 0x0000000703a00000|100%| O|  |TAMS 0x0000000703800000| PB 0x0000000703800000| Untracked 
|  18|0x0000000703a00000, 0x0000000703c00000, 0x0000000703c00000|100%| O|  |TAMS 0x0000000703a00000| PB 0x0000000703a00000| Untracked 
|  19|0x0000000703c00000, 0x0000000703e00000, 0x0000000703e00000|100%| O|  |TAMS 0x0000000703c00000| PB 0x0000000703c00000| Untracked 
|  20|0x0000000703e00000, 0x0000000704000000, 0x0000000704000000|100%| O|  |TAMS 0x0000000703e00000| PB 0x0000000703e00000| Untracked 
|  21|0x0000000704000000, 0x0000000704200000, 0x0000000704200000|100%| O|  |TAMS 0x0000000704000000| PB 0x0000000704000000| Untracked 
|  22|0x0000000704200000, 0x0000000704400000, 0x0000000704400000|100%| O|  |TAMS 0x0000000704200000| PB 0x0000000704200000| Untracked 
|  23|0x0000000704400000, 0x0000000704600000, 0x0000000704600000|100%| O|  |TAMS 0x0000000704400000| PB 0x0000000704400000| Untracked 
|  24|0x0000000704600000, 0x0000000704800000, 0x0000000704800000|100%| O|  |TAMS 0x0000000704600000| PB 0x0000000704600000| Untracked 
|  25|0x0000000704800000, 0x0000000704a00000, 0x0000000704a00000|100%| O|  |TAMS 0x0000000704800000| PB 0x0000000704800000| Untracked 
|  26|0x0000000704a00000, 0x0000000704c00000, 0x0000000704c00000|100%| O|  |TAMS 0x0000000704a00000| PB 0x0000000704a00000| Untracked 
|  27|0x0000000704c00000, 0x0000000704e00000, 0x0000000704e00000|100%| O|  |TAMS 0x0000000704c00000| PB 0x0000000704c00000| Untracked 
|  28|0x0000000704e00000, 0x0000000705000000, 0x0000000705000000|100%| O|  |TAMS 0x0000000704e00000| PB 0x0000000704e00000| Untracked 
|  29|0x0000000705000000, 0x0000000705200000, 0x0000000705200000|100%| O|  |TAMS 0x0000000705000000| PB 0x0000000705000000| Untracked 
|  30|0x0000000705200000, 0x0000000705400000, 0x0000000705400000|100%| O|  |TAMS 0x0000000705200000| PB 0x0000000705200000| Untracked 
|  31|0x0000000705400000, 0x0000000705600000, 0x0000000705600000|100%| O|  |TAMS 0x0000000705400000| PB 0x0000000705400000| Untracked 
|  32|0x0000000705600000, 0x0000000705800000, 0x0000000705800000|100%| O|  |TAMS 0x0000000705600000| PB 0x0000000705600000| Untracked 
|  33|0x0000000705800000, 0x0000000705a00000, 0x0000000705a00000|100%| O|  |TAMS 0x0000000705800000| PB 0x0000000705800000| Untracked 
|  34|0x0000000705a00000, 0x0000000705a8adc0, 0x0000000705c00000| 27%| O|  |TAMS 0x0000000705a00000| PB 0x0000000705a00000| Untracked 
|  35|0x0000000705c00000, 0x0000000705c00000, 0x0000000705e00000|  0%| F|  |TAMS 0x0000000705c00000| PB 0x0000000705c00000| Untracked 
|  36|0x0000000705e00000, 0x0000000705e00000, 0x0000000706000000|  0%| F|  |TAMS 0x0000000705e00000| PB 0x0000000705e00000| Untracked 
|  37|0x0000000706000000, 0x0000000706000000, 0x0000000706200000|  0%| F|  |TAMS 0x0000000706000000| PB 0x0000000706000000| Untracked 
|  38|0x0000000706200000, 0x0000000706200000, 0x0000000706400000|  0%| F|  |TAMS 0x0000000706200000| PB 0x0000000706200000| Untracked 
|  39|0x0000000706400000, 0x0000000706400000, 0x0000000706600000|  0%| F|  |TAMS 0x0000000706400000| PB 0x0000000706400000| Untracked 
|  40|0x0000000706600000, 0x0000000706600000, 0x0000000706800000|  0%| F|  |TAMS 0x0000000706600000| PB 0x0000000706600000| Untracked 
|  41|0x0000000706800000, 0x0000000706800000, 0x0000000706a00000|  0%| F|  |TAMS 0x0000000706800000| PB 0x0000000706800000| Untracked 
|  42|0x0000000706a00000, 0x0000000706a00000, 0x0000000706c00000|  0%| F|  |TAMS 0x0000000706a00000| PB 0x0000000706a00000| Untracked 
|  43|0x0000000706c00000, 0x0000000706c00000, 0x0000000706e00000|  0%| F|  |TAMS 0x0000000706c00000| PB 0x0000000706c00000| Untracked 
|  44|0x0000000706e00000, 0x0000000706e00000, 0x0000000707000000|  0%| F|  |TAMS 0x0000000706e00000| PB 0x0000000706e00000| Untracked 
|  45|0x0000000707000000, 0x0000000707000000, 0x0000000707200000|  0%| F|  |TAMS 0x0000000707000000| PB 0x0000000707000000| Untracked 
|  46|0x0000000707200000, 0x0000000707200000, 0x0000000707400000|  0%| F|  |TAMS 0x0000000707200000| PB 0x0000000707200000| Untracked 
|  47|0x0000000707400000, 0x0000000707400000, 0x0000000707600000|  0%| F|  |TAMS 0x0000000707400000| PB 0x0000000707400000| Untracked 
|  48|0x0000000707600000, 0x0000000707600000, 0x0000000707800000|  0%| F|  |TAMS 0x0000000707600000| PB 0x0000000707600000| Untracked 
|  49|0x0000000707800000, 0x0000000707800000, 0x0000000707a00000|  0%| F|  |TAMS 0x0000000707800000| PB 0x0000000707800000| Untracked 
|  50|0x0000000707a00000, 0x0000000707a00000, 0x0000000707c00000|  0%| F|  |TAMS 0x0000000707a00000| PB 0x0000000707a00000| Untracked 
|  51|0x0000000707c00000, 0x0000000707c00000, 0x0000000707e00000|  0%| F|  |TAMS 0x0000000707c00000| PB 0x0000000707c00000| Untracked 
|  52|0x0000000707e00000, 0x0000000707e00000, 0x0000000708000000|  0%| F|  |TAMS 0x0000000707e00000| PB 0x0000000707e00000| Untracked 
|  53|0x0000000708000000, 0x0000000708000000, 0x0000000708200000|  0%| F|  |TAMS 0x0000000708000000| PB 0x0000000708000000| Untracked 
|  54|0x0000000708200000, 0x0000000708200000, 0x0000000708400000|  0%| F|  |TAMS 0x0000000708200000| PB 0x0000000708200000| Untracked 
|  55|0x0000000708400000, 0x0000000708400000, 0x0000000708600000|  0%| F|  |TAMS 0x0000000708400000| PB 0x0000000708400000| Untracked 
|  56|0x0000000708600000, 0x0000000708600000, 0x0000000708800000|  0%| F|  |TAMS 0x0000000708600000| PB 0x0000000708600000| Untracked 
|  57|0x0000000708800000, 0x0000000708800000, 0x0000000708a00000|  0%| F|  |TAMS 0x0000000708800000| PB 0x0000000708800000| Untracked 
|  58|0x0000000708a00000, 0x0000000708a00000, 0x0000000708c00000|  0%| F|  |TAMS 0x0000000708a00000| PB 0x0000000708a00000| Untracked 
|  59|0x0000000708c00000, 0x0000000708c00000, 0x0000000708e00000|  0%| F|  |TAMS 0x0000000708c00000| PB 0x0000000708c00000| Untracked 
|  60|0x0000000708e00000, 0x0000000708e00000, 0x0000000709000000|  0%| F|  |TAMS 0x0000000708e00000| PB 0x0000000708e00000| Untracked 
|  61|0x0000000709000000, 0x0000000709000000, 0x0000000709200000|  0%| F|  |TAMS 0x0000000709000000| PB 0x0000000709000000| Untracked 
|  62|0x0000000709200000, 0x0000000709200000, 0x0000000709400000|  0%| F|  |TAMS 0x0000000709200000| PB 0x0000000709200000| Untracked 
|  63|0x0000000709400000, 0x0000000709400000, 0x0000000709600000|  0%| F|  |TAMS 0x0000000709400000| PB 0x0000000709400000| Untracked 
|  64|0x0000000709600000, 0x0000000709600000, 0x0000000709800000|  0%| F|  |TAMS 0x0000000709600000| PB 0x0000000709600000| Untracked 
|  65|0x0000000709800000, 0x0000000709800000, 0x0000000709a00000|  0%| F|  |TAMS 0x0000000709800000| PB 0x0000000709800000| Untracked 
|  66|0x0000000709a00000, 0x0000000709a00000, 0x0000000709c00000|  0%| F|  |TAMS 0x0000000709a00000| PB 0x0000000709a00000| Untracked 
|  67|0x0000000709c00000, 0x0000000709c00000, 0x0000000709e00000|  0%| F|  |TAMS 0x0000000709c00000| PB 0x0000000709c00000| Untracked 
|  68|0x0000000709e00000, 0x0000000709e00000, 0x000000070a000000|  0%| F|  |TAMS 0x0000000709e00000| PB 0x0000000709e00000| Untracked 
|  69|0x000000070a000000, 0x000000070a000000, 0x000000070a200000|  0%| F|  |TAMS 0x000000070a000000| PB 0x000000070a000000| Untracked 
|  70|0x000000070a200000, 0x000000070a200000, 0x000000070a400000|  0%| F|  |TAMS 0x000000070a200000| PB 0x000000070a200000| Untracked 
|  71|0x000000070a400000, 0x000000070a400000, 0x000000070a600000|  0%| F|  |TAMS 0x000000070a400000| PB 0x000000070a400000| Untracked 
|  72|0x000000070a600000, 0x000000070a600000, 0x000000070a800000|  0%| F|  |TAMS 0x000000070a600000| PB 0x000000070a600000| Untracked 
|  73|0x000000070a800000, 0x000000070a800000, 0x000000070aa00000|  0%| F|  |TAMS 0x000000070a800000| PB 0x000000070a800000| Untracked 
|  74|0x000000070aa00000, 0x000000070aa00000, 0x000000070ac00000|  0%| F|  |TAMS 0x000000070aa00000| PB 0x000000070aa00000| Untracked 
|  75|0x000000070ac00000, 0x000000070ac00000, 0x000000070ae00000|  0%| F|  |TAMS 0x000000070ac00000| PB 0x000000070ac00000| Untracked 
|  76|0x000000070ae00000, 0x000000070ae00000, 0x000000070b000000|  0%| F|  |TAMS 0x000000070ae00000| PB 0x000000070ae00000| Untracked 
|  77|0x000000070b000000, 0x000000070b000000, 0x000000070b200000|  0%| F|  |TAMS 0x000000070b000000| PB 0x000000070b000000| Untracked 
|  78|0x000000070b200000, 0x000000070b200000, 0x000000070b400000|  0%| F|  |TAMS 0x000000070b200000| PB 0x000000070b200000| Untracked 
|  79|0x000000070b400000, 0x000000070b400000, 0x000000070b600000|  0%| F|  |TAMS 0x000000070b400000| PB 0x000000070b400000| Untracked 
|  80|0x000000070b600000, 0x000000070b600000, 0x000000070b800000|  0%| F|  |TAMS 0x000000070b600000| PB 0x000000070b600000| Untracked 
|  81|0x000000070b800000, 0x000000070b800000, 0x000000070ba00000|  0%| F|  |TAMS 0x000000070b800000| PB 0x000000070b800000| Untracked 
|  82|0x000000070ba00000, 0x000000070ba00000, 0x000000070bc00000|  0%| F|  |TAMS 0x000000070ba00000| PB 0x000000070ba00000| Untracked 
|  83|0x000000070bc00000, 0x000000070bc00000, 0x000000070be00000|  0%| F|  |TAMS 0x000000070bc00000| PB 0x000000070bc00000| Untracked 
|  84|0x000000070be00000, 0x000000070be00000, 0x000000070c000000|  0%| F|  |TAMS 0x000000070be00000| PB 0x000000070be00000| Untracked 
|  85|0x000000070c000000, 0x000000070c000000, 0x000000070c200000|  0%| F|  |TAMS 0x000000070c000000| PB 0x000000070c000000| Untracked 
|  86|0x000000070c200000, 0x000000070c200000, 0x000000070c400000|  0%| F|  |TAMS 0x000000070c200000| PB 0x000000070c200000| Untracked 
|  87|0x000000070c400000, 0x000000070c400000, 0x000000070c600000|  0%| F|  |TAMS 0x000000070c400000| PB 0x000000070c400000| Untracked 
|  88|0x000000070c600000, 0x000000070c600000, 0x000000070c800000|  0%| F|  |TAMS 0x000000070c600000| PB 0x000000070c600000| Untracked 
|  89|0x000000070c800000, 0x000000070c800000, 0x000000070ca00000|  0%| F|  |TAMS 0x000000070c800000| PB 0x000000070c800000| Untracked 
|  90|0x000000070ca00000, 0x000000070ca00000, 0x000000070cc00000|  0%| F|  |TAMS 0x000000070ca00000| PB 0x000000070ca00000| Untracked 
|  91|0x000000070cc00000, 0x000000070cc00000, 0x000000070ce00000|  0%| F|  |TAMS 0x000000070cc00000| PB 0x000000070cc00000| Untracked 
|  92|0x000000070ce00000, 0x000000070ce00000, 0x000000070d000000|  0%| F|  |TAMS 0x000000070ce00000| PB 0x000000070ce00000| Untracked 
|  93|0x000000070d000000, 0x000000070d000000, 0x000000070d200000|  0%| F|  |TAMS 0x000000070d000000| PB 0x000000070d000000| Untracked 
|  94|0x000000070d200000, 0x000000070d200000, 0x000000070d400000|  0%| F|  |TAMS 0x000000070d200000| PB 0x000000070d200000| Untracked 
|  95|0x000000070d400000, 0x000000070d400000, 0x000000070d600000|  0%| F|  |TAMS 0x000000070d400000| PB 0x000000070d400000| Untracked 
|  96|0x000000070d600000, 0x000000070d600000, 0x000000070d800000|  0%| F|  |TAMS 0x000000070d600000| PB 0x000000070d600000| Untracked 
|  97|0x000000070d800000, 0x000000070d800000, 0x000000070da00000|  0%| F|  |TAMS 0x000000070d800000| PB 0x000000070d800000| Untracked 
|  98|0x000000070da00000, 0x000000070da00000, 0x000000070dc00000|  0%| F|  |TAMS 0x000000070da00000| PB 0x000000070da00000| Untracked 
|  99|0x000000070dc00000, 0x000000070dc00000, 0x000000070de00000|  0%| F|  |TAMS 0x000000070dc00000| PB 0x000000070dc00000| Untracked 
| 100|0x000000070de00000, 0x000000070de00000, 0x000000070e000000|  0%| F|  |TAMS 0x000000070de00000| PB 0x000000070de00000| Untracked 
| 101|0x000000070e000000, 0x000000070e000000, 0x000000070e200000|  0%| F|  |TAMS 0x000000070e000000| PB 0x000000070e000000| Untracked 
| 102|0x000000070e200000, 0x000000070e200000, 0x000000070e400000|  0%| F|  |TAMS 0x000000070e200000| PB 0x000000070e200000| Untracked 
| 103|0x000000070e400000, 0x000000070e400000, 0x000000070e600000|  0%| F|  |TAMS 0x000000070e400000| PB 0x000000070e400000| Untracked 
| 104|0x000000070e600000, 0x000000070e600000, 0x000000070e800000|  0%| F|  |TAMS 0x000000070e600000| PB 0x000000070e600000| Untracked 
| 105|0x000000070e800000, 0x000000070e800000, 0x000000070ea00000|  0%| F|  |TAMS 0x000000070e800000| PB 0x000000070e800000| Untracked 
| 106|0x000000070ea00000, 0x000000070ea00000, 0x000000070ec00000|  0%| F|  |TAMS 0x000000070ea00000| PB 0x000000070ea00000| Untracked 
| 107|0x000000070ec00000, 0x000000070ec00000, 0x000000070ee00000|  0%| F|  |TAMS 0x000000070ec00000| PB 0x000000070ec00000| Untracked 
| 108|0x000000070ee00000, 0x000000070ee00000, 0x000000070f000000|  0%| F|  |TAMS 0x000000070ee00000| PB 0x000000070ee00000| Untracked 
| 109|0x000000070f000000, 0x000000070f000000, 0x000000070f200000|  0%| F|  |TAMS 0x000000070f000000| PB 0x000000070f000000| Untracked 
| 110|0x000000070f200000, 0x000000070f200000, 0x000000070f400000|  0%| F|  |TAMS 0x000000070f200000| PB 0x000000070f200000| Untracked 
| 111|0x000000070f400000, 0x000000070f400000, 0x000000070f600000|  0%| F|  |TAMS 0x000000070f400000| PB 0x000000070f400000| Untracked 
| 112|0x000000070f600000, 0x000000070f600000, 0x000000070f800000|  0%| F|  |TAMS 0x000000070f600000| PB 0x000000070f600000| Untracked 
| 113|0x000000070f800000, 0x000000070fa00000, 0x000000070fa00000|100%| S|  |TAMS 0x000000070f800000| PB 0x000000070f800000| Complete 
| 114|0x000000070fa00000, 0x000000070fc00000, 0x000000070fc00000|100%| S|  |TAMS 0x000000070fa00000| PB 0x000000070fa00000| Complete 
| 115|0x000000070fc00000, 0x000000070fe00000, 0x000000070fe00000|100%| E|CS|TAMS 0x000000070fc00000| PB 0x000000070fc00000| Complete 
| 116|0x000000070fe00000, 0x0000000710000000, 0x0000000710000000|100%| E|CS|TAMS 0x000000070fe00000| PB 0x000000070fe00000| Complete 
| 117|0x0000000710000000, 0x0000000710200000, 0x0000000710200000|100%| E|CS|TAMS 0x0000000710000000| PB 0x0000000710000000| Complete 
| 118|0x0000000710200000, 0x0000000710400000, 0x0000000710400000|100%| E|CS|TAMS 0x0000000710200000| PB 0x0000000710200000| Complete 
| 119|0x0000000710400000, 0x0000000710600000, 0x0000000710600000|100%| E|CS|TAMS 0x0000000710400000| PB 0x0000000710400000| Complete 
| 120|0x0000000710600000, 0x0000000710800000, 0x0000000710800000|100%| E|CS|TAMS 0x0000000710600000| PB 0x0000000710600000| Complete 
| 121|0x0000000710800000, 0x0000000710a00000, 0x0000000710a00000|100%| E|CS|TAMS 0x0000000710800000| PB 0x0000000710800000| Complete 
| 122|0x0000000710a00000, 0x0000000710c00000, 0x0000000710c00000|100%| E|CS|TAMS 0x0000000710a00000| PB 0x0000000710a00000| Complete 
| 123|0x0000000710c00000, 0x0000000710e00000, 0x0000000710e00000|100%| E|CS|TAMS 0x0000000710c00000| PB 0x0000000710c00000| Complete 
| 124|0x0000000710e00000, 0x0000000711000000, 0x0000000711000000|100%| E|CS|TAMS 0x0000000710e00000| PB 0x0000000710e00000| Complete 
| 125|0x0000000711000000, 0x0000000711200000, 0x0000000711200000|100%| E|CS|TAMS 0x0000000711000000| PB 0x0000000711000000| Complete 
| 126|0x0000000711200000, 0x0000000711400000, 0x0000000711400000|100%| E|CS|TAMS 0x0000000711200000| PB 0x0000000711200000| Complete 
| 127|0x0000000711400000, 0x0000000711600000, 0x0000000711600000|100%| E|CS|TAMS 0x0000000711400000| PB 0x0000000711400000| Complete 

Card table byte_map: [0x000002cce2000000,0x000002cce2800000] _byte_map_base: 0x000002ccde7f5000

Marking Bits: (CMBitMap*) 0x000002ccca071950
 Bits: [0x000002cce2800000, 0x000002cce67a8000)

Polling page: 0x000002ccc7f00000

Metaspace:

Usage:
  Non-class:      1.13 MB used.
      Class:    102.67 KB used.
       Both:      1.23 MB used.

Virtual space:
  Non-class space:       64.00 MB reserved,       1.19 MB (  2%) committed,  1 nodes.
      Class space:        1.00 GB reserved,     192.00 KB ( <1%) committed,  1 nodes.
             Both:        1.06 GB reserved,       1.38 MB ( <1%) committed. 

Chunk freelists:
   Non-Class:  11.95 MB
       Class:  15.73 MB
        Both:  27.68 MB

MaxMetaspaceSize: unlimited
CompressedClassSpaceSize: 1.00 GB
Initial GC threshold: 21.00 MB
Current GC threshold: 21.00 MB
CDS: on
 - commit_granule_bytes: 65536.
 - commit_granule_words: 8192.
 - virtual_space_node_default_size: 8388608.
 - enlarge_chunks_in_place: 1.
 - use_allocation_guard: 0.


Internal statistics:

num_allocs_failed_limit: 0.
num_arena_births: 30.
num_arena_deaths: 0.
num_vsnodes_births: 2.
num_vsnodes_deaths: 0.
num_space_committed: 22.
num_space_uncommitted: 0.
num_chunks_returned_to_freelist: 0.
num_chunks_taken_from_freelist: 34.
num_chunk_merges: 0.
num_chunk_splits: 23.
num_chunks_enlarged: 15.
num_inconsistent_stats: 0.

CodeHeap 'non-profiled nmethods': size=120000Kb used=185Kb max_used=185Kb free=119814Kb
 bounds [0x000002ccda1c0000, 0x000002ccda430000, 0x000002cce16f0000]
CodeHeap 'profiled nmethods': size=120000Kb used=680Kb max_used=680Kb free=119319Kb
 bounds [0x000002ccd26f0000, 0x000002ccd2960000, 0x000002ccd9c20000]
CodeHeap 'non-nmethods': size=5760Kb used=1313Kb max_used=1343Kb free=4447Kb
 bounds [0x000002ccd9c20000, 0x000002ccd9e90000, 0x000002ccda1c0000]
 total_blobs=938 nmethods=512 adapters=331
 compilation: enabled
              stopped_count=0, restarted_count=0
 full_count=0

Compilation events (20 events):
Event: 0.125 Thread 0x000002cce912f720 nmethod 500 0x000002ccda1ebf90 code [0x000002ccda1ec120, 0x000002ccda1ec430]
Event: 0.125 Thread 0x000002cce91382f0  503       3       sun.invoke.util.VerifyAccess::isTypeVisible (118 bytes)
Event: 0.126 Thread 0x000002cce91382f0 nmethod 503 0x000002ccd2794090 code [0x000002ccd27943a0, 0x000002ccd2795308]
Event: 0.126 Thread 0x000002cce91382f0  504       3       java.lang.invoke.MethodHandles$Lookup::lookupClassOrNull (17 bytes)
Event: 0.126 Thread 0x000002cce91382f0 nmethod 504 0x000002ccd2795810 code [0x000002ccd27959c0, 0x000002ccd2795b48]
Event: 0.136 Thread 0x000002cce91382f0  506 %     3       com.example.hi1029.F6.WideBalls::exchange @ 21 (223 bytes)
Event: 0.136 Thread 0x000002cce91382f0 nmethod 506% 0x000002ccd2795c10 code [0x000002ccd2795ea0, 0x000002ccd2796da8]
Event: 0.136 Thread 0x000002cce91382f0  507       3       com.example.hi1029.F6.WideBalls::exchange (223 bytes)
Event: 0.136 Thread 0x000002cce91382f0 nmethod 507 0x000002ccd2797290 code [0x000002ccd2797540, 0x000002ccd2798468]
Event: 0.158 Thread 0x000002cce91382f0  508       1       java.util.concurrent.locks.AbstractOwnableSynchronizer::getExclusiveOwnerThread (5 bytes)
Event: 0.158 Thread 0x000002cce91382f0 nmethod 508 0x000002ccda1ec810 code [0x000002ccda1ec9a0, 0x000002ccda1eca70]
Event: 0.158 Thread 0x000002cce91382f0  509       1       java.util.concurrent.locks.AbstractQueuedSynchronizer::getState (5 bytes)
Event: 0.158 Thread 0x000002cce91382f0 nmethod 509 0x000002ccda1ecb10 code [0x000002ccda1ecca0, 0x000002ccda1ecd68]
Event: 0.158 Thread 0x000002cce91382f0  510       1       java.util.concurrent.locks.AbstractQueuedSynchronizer::setState (6 bytes)
Event: 0.158 Thread 0x000002cce91382f0 nmethod 510 0x000002ccda1ece10 code [0x000002ccda1ecfa0, 0x000002ccda1ed070]
Event: 0.159 Thread 0x000002cce912f720  511 %     4       com.example.hi1029.F6.WideBalls::exchange @ 21 (223 bytes)
Event: 0.222 Thread 0x000002cce912f720 nmethod 511% 0x000002ccda1ed110 code [0x000002ccda1ed340, 0x000002ccda1ee280]
Event: 0.225 Thread 0x000002cce91382f0  512 %     3       com.example.hi1029.F6.WideBalls::exchange @ 21 (223 bytes)
Event: 0.225 Thread 0x000002cce91382f0 nmethod 512% 0x000002ccd2798a10 code [0x000002ccd2798ca0, 0x000002ccd2799ba8]
Event: 0.228 Thread 0x000002cce912f720  513 %     4       com.example.hi1029.F6.WideBalls::exchange @ 21 (223 bytes)

GC Heap History (7 events):
Event: 0.137 GC heap before
{Heap before GC invocations=0 (full 0):
 garbage-first heap   total 262144K, used 20480K [0x0000000701600000, 0x0000000800000000)
  region size 2048K, 10 young (20480K), 0 survivors (0K)
 Metaspace       used 1254K, committed 1408K, reserved 1114112K
  class space    used 102K, committed 192K, reserved 1048576K
}
Event: 0.158 GC heap after
{Heap after GC invocations=1 (full 0):
 garbage-first heap   total 262144K, used 9152K [0x0000000701600000, 0x0000000800000000)
  region size 2048K, 2 young (4096K), 2 survivors (4096K)
 Metaspace       used 1254K, committed 1408K, reserved 1114112K
  class space    used 102K, committed 192K, reserved 1048576K
}
Event: 0.164 GC heap before
{Heap before GC invocations=1 (full 0):
 garbage-first heap   total 262144K, used 31680K [0x0000000701600000, 0x0000000800000000)
  region size 2048K, 13 young (26624K), 2 survivors (4096K)
 Metaspace       used 1256K, committed 1408K, reserved 1114112K
  class space    used 102K, committed 192K, reserved 1048576K
}
Event: 0.221 GC heap after
{Heap after GC invocations=2 (full 0):
 garbage-first heap   total 262144K, used 30637K [0x0000000701600000, 0x0000000800000000)
  region size 2048K, 2 young (4096K), 2 survivors (4096K)
 Metaspace       used 1256K, committed 1408K, reserved 1114112K
  class space    used 102K, committed 192K, reserved 1048576K
}
Event: 0.229 GC heap before
{Heap before GC invocations=2 (full 0):
 garbage-first heap   total 262144K, used 49069K [0x0000000701600000, 0x0000000800000000)
  region size 2048K, 11 young (22528K), 2 survivors (4096K)
 Metaspace       used 1256K, committed 1408K, reserved 1114112K
  class space    used 102K, committed 192K, reserved 1048576K
}
Event: 0.280 GC heap after
{Heap after GC invocations=3 (full 0):
 garbage-first heap   total 262144K, used 49152K [0x0000000701600000, 0x0000000800000000)
  region size 2048K, 2 young (4096K), 2 survivors (4096K)
 Metaspace       used 1256K, committed 1408K, reserved 1114112K
  class space    used 102K, committed 192K, reserved 1048576K
}
Event: 0.289 GC heap before
{Heap before GC invocations=3 (full 0):
 garbage-first heap   total 262144K, used 71680K [0x0000000701600000, 0x0000000800000000)
  region size 2048K, 13 young (26624K), 2 survivors (4096K)
 Metaspace       used 1256K, committed 1408K, reserved 1114112K
  class space    used 102K, committed 192K, reserved 1048576K
}

Dll operation events (8 events):
Event: 0.006 Loaded shared library C:\Program Files\Eclipse Adoptium\jdk-21.0.5.11-hotspot\bin\java.dll
Event: 0.029 Loaded shared library C:\Program Files\Eclipse Adoptium\jdk-21.0.5.11-hotspot\bin\jsvml.dll
Event: 0.047 Loaded shared library C:\Program Files\Eclipse Adoptium\jdk-21.0.5.11-hotspot\bin\net.dll
Event: 0.049 Loaded shared library C:\Program Files\Eclipse Adoptium\jdk-21.0.5.11-hotspot\bin\nio.dll
Event: 0.076 Loaded shared library C:\Program Files\Eclipse Adoptium\jdk-21.0.5.11-hotspot\bin\zip.dll
Event: 0.108 Loaded shared library C:\Program Files\Eclipse Adoptium\jdk-21.0.5.11-hotspot\bin\zip.dll
Event: 0.109 Loaded shared library C:\Program Files\Eclipse Adoptium\jdk-21.0.5.11-hotspot\bin\instrument.dll
Event: 0.118 Loaded shared library E:\IntelliJ IDEA 2024.3.1.1\bin\breakgen64.dll

Deoptimization events (20 events):
Event: 0.105 Thread 0x000002ccca007a30 DEOPT PACKING pc=0x000002ccda1da614 sp=0x000000f063ffe840
Event: 0.105 Thread 0x000002ccca007a30 DEOPT UNPACKING pc=0x000002ccd9c746a2 sp=0x000000f063ffe7a0 mode 2
Event: 0.105 Thread 0x000002ccca007a30 Uncommon trap: trap_request=0xffffff45 fr.pc=0x000002ccda1db134 relative=0x00000000000004f4
Event: 0.105 Thread 0x000002ccca007a30 Uncommon trap: reason=unstable_if action=reinterpret pc=0x000002ccda1db134 method=java.lang.StringLatin1.newString([BII)Ljava/lang/String; @ 1 c2
Event: 0.105 Thread 0x000002ccca007a30 DEOPT PACKING pc=0x000002ccda1db134 sp=0x000000f063ffe7c0
Event: 0.105 Thread 0x000002ccca007a30 DEOPT UNPACKING pc=0x000002ccd9c746a2 sp=0x000000f063ffe7a0 mode 2
Event: 0.119 Thread 0x000002ccca007a30 Uncommon trap: trap_request=0xffffff45 fr.pc=0x000002ccda1d860c relative=0x000000000000006c
Event: 0.119 Thread 0x000002ccca007a30 Uncommon trap: reason=unstable_if action=reinterpret pc=0x000002ccda1d860c method=java.lang.String.isLatin1()Z @ 10 c2
Event: 0.119 Thread 0x000002ccca007a30 DEOPT PACKING pc=0x000002ccda1d860c sp=0x000000f063ffe250
Event: 0.119 Thread 0x000002ccca007a30 DEOPT UNPACKING pc=0x000002ccd9c746a2 sp=0x000000f063ffe1e0 mode 2
Event: 0.119 Thread 0x000002ccca007a30 Uncommon trap: trap_request=0xffffff45 fr.pc=0x000002ccda1c8eec relative=0x00000000000000cc
Event: 0.119 Thread 0x000002ccca007a30 Uncommon trap: reason=unstable_if action=reinterpret pc=0x000002ccda1c8eec method=java.lang.String.isLatin1()Z @ 10 c2
Event: 0.119 Thread 0x000002ccca007a30 DEOPT PACKING pc=0x000002ccda1c8eec sp=0x000000f063ffeca0
Event: 0.119 Thread 0x000002ccca007a30 DEOPT UNPACKING pc=0x000002ccd9c746a2 sp=0x000000f063ffebe0 mode 2
Event: 0.222 Thread 0x000002ccca007a30 DEOPT PACKING pc=0x000002ccd2796ce6 sp=0x000000f063fff060
Event: 0.222 Thread 0x000002ccca007a30 DEOPT UNPACKING pc=0x000002ccd9c74e42 sp=0x000000f063ffe598 mode 0
Event: 0.225 Thread 0x000002ccca007a30 Uncommon trap: trap_request=0xffffff45 fr.pc=0x000002ccda1edf60 relative=0x0000000000000c20
Event: 0.225 Thread 0x000002ccca007a30 Uncommon trap: reason=unstable_if action=reinterpret pc=0x000002ccda1edf60 method=com.example.hi1029.F6.WideBalls.exchange(III)I @ 158 c2
Event: 0.225 Thread 0x000002ccca007a30 DEOPT PACKING pc=0x000002ccda1edf60 sp=0x000000f063fff0d0
Event: 0.225 Thread 0x000002ccca007a30 DEOPT UNPACKING pc=0x000002ccd9c746a2 sp=0x000000f063fff0a0 mode 2

Classes loaded (20 events):
Event: 0.123 Loading class sun/net/NetProperties
Event: 0.123 Loading class sun/net/NetProperties done
Event: 0.123 Loading class sun/net/NetProperties$1
Event: 0.123 Loading class sun/net/NetProperties$1 done
Event: 0.125 Loading class sun/net/spi/DefaultProxySelector$NonProxyInfo
Event: 0.125 Loading class sun/net/spi/DefaultProxySelector$NonProxyInfo done
Event: 0.125 Loading class sun/net/spi/DefaultProxySelector$3
Event: 0.125 Loading class sun/net/spi/DefaultProxySelector$3 done
Event: 0.125 Loading class sun/net/NetHooks
Event: 0.125 Loading class sun/net/NetHooks done
Event: 0.125 Loading class java/io/BufferedReader
Event: 0.125 Loading class java/io/BufferedReader done
Event: 0.125 Loading class java/net/Socket$SocketInputStream
Event: 0.125 Loading class java/net/Socket$SocketInputStream done
Event: 0.125 Loading class sun/nio/ch/NioSocketImpl$1
Event: 0.125 Loading class sun/nio/ch/NioSocketImpl$1 done
Event: 0.126 Loading class sun/nio/cs/StreamDecoder
Event: 0.126 Loading class sun/nio/cs/StreamDecoder done
Event: 0.126 Loading class sun/nio/cs/US_ASCII$Decoder
Event: 0.126 Loading class sun/nio/cs/US_ASCII$Decoder done

Classes unloaded (0 events):
No events

Classes redefined (0 events):
No events

Internal exceptions (6 events):
Event: 0.057 Thread 0x000002ccca007a30 Exception <a 'java/lang/NoSuchMethodError'{0x00000007115e7e60}: 'void java.lang.invoke.DirectMethodHandle$Holder.invokeVirtual(java.lang.Object, java.lang.Object)'> (0x00000007115e7e60) 
thrown [s\src\hotspot\share\interpreter\linkResolver.cpp, line 773]
Event: 0.058 Thread 0x000002ccca007a30 Exception <a 'java/lang/NoSuchMethodError'{0x00000007115f3638}: 'java.lang.Object java.lang.invoke.DirectMethodHandle$Holder.invokeInterface(java.lang.Object, java.lang.Object, java.lang.Object)'> (0x00000007115f3638) 
thrown [s\src\hotspot\share\interpreter\linkResolver.cpp, line 773]
Event: 0.114 Thread 0x000002ccca007a30 Exception <a 'java/lang/NoSuchMethodError'{0x0000000710f7b358}: 'void java.lang.invoke.DirectMethodHandle$Holder.invokeStatic(java.lang.Object, java.lang.Object, java.lang.Object)'> (0x0000000710f7b358) 
thrown [s\src\hotspot\share\interpreter\linkResolver.cpp, line 773]
Event: 0.116 Thread 0x000002ccca007a30 Exception <a 'java/lang/NoSuchMethodError'{0x0000000710f92090}: 'java.lang.Object java.lang.invoke.Invokers$Holder.invokeExact_MT(java.lang.Object, java.lang.Object, java.lang.Object, java.lang.Object, java.lang.Object)'> (0x0000000710f92090) 
thrown [s\src\hotspot\share\interpreter\linkResolver.cpp, line 773]
Event: 0.121 Thread 0x000002cce94db5a0 Exception <a 'java/lang/ClassNotFoundException'{0x0000000710c04750}: jdk/net/ExtendedSocketOptions> (0x0000000710c04750) 
thrown [s\src\hotspot\share\classfile\systemDictionary.cpp, line 312]
Event: 0.122 Thread 0x000002cce94db5a0 Exception <a 'java/lang/NoSuchMethodError'{0x0000000710c05ec0}: 'void java.lang.invoke.DirectMethodHandle$Holder.invokeStatic(java.lang.Object, java.lang.Object)'> (0x0000000710c05ec0) 
thrown [s\src\hotspot\share\interpreter\linkResolver.cpp, line 773]

ZGC Phase Switch (0 events):
No events

VM Operations (11 events):
Event: 0.100 Executing VM operation: HandshakeAllThreads (Deoptimize)
Event: 0.100 Executing VM operation: HandshakeAllThreads (Deoptimize) done
Event: 0.100 Executing VM operation: HandshakeAllThreads (Deoptimize)
Event: 0.100 Executing VM operation: HandshakeAllThreads (Deoptimize) done
Event: 0.137 Executing VM operation: G1CollectForAllocation (G1 Evacuation Pause)
Event: 0.158 Executing VM operation: G1CollectForAllocation (G1 Evacuation Pause) done
Event: 0.164 Executing VM operation: G1CollectForAllocation (G1 Evacuation Pause)
Event: 0.221 Executing VM operation: G1CollectForAllocation (G1 Evacuation Pause) done
Event: 0.229 Executing VM operation: G1CollectForAllocation (G1 Evacuation Pause)
Event: 0.280 Executing VM operation: G1CollectForAllocation (G1 Evacuation Pause) done
Event: 0.289 Executing VM operation: G1CollectForAllocation (G1 Evacuation Pause)

Memory protections (0 events):
No events

Nmethod flushes (0 events):
No events

Events (14 events):
Event: 0.016 Thread 0x000002ccca007a30 Thread added: 0x000002ccca007a30
Event: 0.027 Thread 0x000002ccca007a30 Thread added: 0x000002cce8cdd460
Event: 0.027 Thread 0x000002ccca007a30 Thread added: 0x000002cce8cde0b0
Event: 0.027 Thread 0x000002ccca007a30 Thread added: 0x000002cce9125670
Event: 0.027 Thread 0x000002ccca007a30 Thread added: 0x000002cce91260c0
Event: 0.027 Thread 0x000002ccca007a30 Thread added: 0x000002cce9126b10
Event: 0.027 Thread 0x000002ccca007a30 Thread added: 0x000002cce9127960
Event: 0.027 Thread 0x000002ccca007a30 Thread added: 0x000002cce912f720
Event: 0.028 Thread 0x000002ccca007a30 Thread added: 0x000002cce91382f0
Event: 0.044 Thread 0x000002ccca007a30 Thread added: 0x000002cce8cb2b50
Event: 0.084 Thread 0x000002cce912f720 Thread added: 0x000002cce935b900
Event: 0.119 Thread 0x000002ccca007a30 Thread added: 0x000002cce94db5a0
Event: 0.119 Thread 0x000002ccca007a30 Thread added: 0x000002cce94d7cb0
Event: 0.225 Thread 0x000002cce935b900 Thread exited: 0x000002cce935b900


Dynamic libraries:
0x00007ff6825d0000 - 0x00007ff6825de000 	C:\Program Files\Eclipse Adoptium\jdk-21.0.5.11-hotspot\bin\java.exe
0x00007fffcffe0000 - 0x00007fffd0243000 	C:\WINDOWS\SYSTEM32\ntdll.dll
0x00007fffcebc0000 - 0x00007fffcec87000 	C:\WINDOWS\System32\KERNEL32.DLL
0x00007fffcd830000 - 0x00007fffcdbf9000 	C:\WINDOWS\System32\KERNELBASE.dll
0x00007fffcd3f0000 - 0x00007fffcd53c000 	C:\WINDOWS\System32\ucrtbase.dll
0x00007fffca2d0000 - 0x00007fffca2ee000 	C:\Program Files\Eclipse Adoptium\jdk-21.0.5.11-hotspot\bin\VCRUNTIME140.dll
0x00007fffca210000 - 0x00007fffca228000 	C:\Program Files\Eclipse Adoptium\jdk-21.0.5.11-hotspot\bin\jli.dll
0x00007fffce0f0000 - 0x00007fffce2ba000 	C:\WINDOWS\System32\USER32.dll
0x00007fffcd800000 - 0x00007fffcd827000 	C:\WINDOWS\System32\win32u.dll
0x00007fffb4bf0000 - 0x00007fffb4e80000 	C:\WINDOWS\WinSxS\amd64_microsoft.windows.common-controls_6595b64144ccf1df_6.0.26100.3323_none_3e088096e3344490\COMCTL32.dll
0x00007fffcf2e0000 - 0x00007fffcf30a000 	C:\WINDOWS\System32\GDI32.dll
0x00007fffcf430000 - 0x00007fffcf4d9000 	C:\WINDOWS\System32\msvcrt.dll
0x00007fffcdc00000 - 0x00007fffcdd31000 	C:\WINDOWS\System32\gdi32full.dll
0x00007fffcd540000 - 0x00007fffcd5e3000 	C:\WINDOWS\System32\msvcp_win.dll
0x00007fffcf220000 - 0x00007fffcf24f000 	C:\WINDOWS\System32\IMM32.DLL
0x00007fffca200000 - 0x00007fffca20c000 	C:\Program Files\Eclipse Adoptium\jdk-21.0.5.11-hotspot\bin\vcruntime140_1.dll
0x00007fffb66d0000 - 0x00007fffb675d000 	C:\Program Files\Eclipse Adoptium\jdk-21.0.5.11-hotspot\bin\msvcp140.dll
0x00007fff78950000 - 0x00007fff796df000 	C:\Program Files\Eclipse Adoptium\jdk-21.0.5.11-hotspot\bin\server\jvm.dll
0x00007fffce030000 - 0x00007fffce0e2000 	C:\WINDOWS\System32\ADVAPI32.dll
0x00007fffce680000 - 0x00007fffce726000 	C:\WINDOWS\System32\sechost.dll
0x00007fffcf310000 - 0x00007fffcf426000 	C:\WINDOWS\System32\RPCRT4.dll
0x00007fffcf260000 - 0x00007fffcf2d4000 	C:\WINDOWS\System32\WS2_32.dll
0x00007fffbe310000 - 0x00007fffbe346000 	C:\WINDOWS\SYSTEM32\WINMM.dll
0x00007fffc6750000 - 0x00007fffc675b000 	C:\WINDOWS\SYSTEM32\VERSION.dll
0x00007fffccbe0000 - 0x00007fffccc2e000 	C:\WINDOWS\SYSTEM32\POWRPROF.dll
0x00007fffccbc0000 - 0x00007fffccbd4000 	C:\WINDOWS\SYSTEM32\UMPDC.dll
0x00007fffcc000000 - 0x00007fffcc01a000 	C:\WINDOWS\SYSTEM32\kernel.appcore.dll
0x00007fffca1f0000 - 0x00007fffca1fa000 	C:\Program Files\Eclipse Adoptium\jdk-21.0.5.11-hotspot\bin\jimage.dll
0x00007fffbba30000 - 0x00007fffbbc71000 	C:\WINDOWS\SYSTEM32\DBGHELP.DLL
0x00007fffce830000 - 0x00007fffcebb2000 	C:\WINDOWS\System32\combase.dll
0x00007fffce2c0000 - 0x00007fffce396000 	C:\WINDOWS\System32\OLEAUT32.dll
0x00007fffb7590000 - 0x00007fffb75c9000 	C:\WINDOWS\SYSTEM32\dbgcore.DLL
0x00007fffcd5f0000 - 0x00007fffcd689000 	C:\WINDOWS\System32\bcryptPrimitives.dll
0x00007fffca1b0000 - 0x00007fffca1bf000 	C:\Program Files\Eclipse Adoptium\jdk-21.0.5.11-hotspot\bin\instrument.dll
0x00007fffca1d0000 - 0x00007fffca1ef000 	C:\Program Files\Eclipse Adoptium\jdk-21.0.5.11-hotspot\bin\java.dll
0x00007fffcf880000 - 0x00007fffcff95000 	C:\WINDOWS\System32\SHELL32.dll
0x00007fffcd690000 - 0x00007fffcd7f8000 	C:\WINDOWS\System32\wintypes.dll
0x00007fffcaf00000 - 0x00007fffcb745000 	C:\WINDOWS\SYSTEM32\windows.storage.dll
0x00007fffcdf40000 - 0x00007fffce02b000 	C:\WINDOWS\System32\SHCORE.dll
0x00007fffced30000 - 0x00007fffced8d000 	C:\WINDOWS\System32\shlwapi.dll
0x00007fffcd0f0000 - 0x00007fffcd11f000 	C:\WINDOWS\SYSTEM32\profapi.dll
0x00007fffb2a30000 - 0x00007fffb2b07000 	C:\Program Files\Eclipse Adoptium\jdk-21.0.5.11-hotspot\bin\jsvml.dll
0x00007fffca1a0000 - 0x00007fffca1b0000 	C:\Program Files\Eclipse Adoptium\jdk-21.0.5.11-hotspot\bin\net.dll
0x00007fffc6b40000 - 0x00007fffc6c5e000 	C:\WINDOWS\SYSTEM32\WINHTTP.dll
0x00007fffcc520000 - 0x00007fffcc58a000 	C:\WINDOWS\system32\mswsock.dll
0x00007fffca180000 - 0x00007fffca196000 	C:\Program Files\Eclipse Adoptium\jdk-21.0.5.11-hotspot\bin\nio.dll
0x00007fffc8c50000 - 0x00007fffc8c68000 	C:\Program Files\Eclipse Adoptium\jdk-21.0.5.11-hotspot\bin\zip.dll
0x00007fffb6810000 - 0x00007fffb682a000 	E:\IntelliJ IDEA 2024.3.1.1\bin\breakgen64.dll

dbghelp: loaded successfully - version: 4.0.5 - missing functions: none
symbol engine: initialized successfully - sym options: 0x614 - pdb path: .;C:\Program Files\Eclipse Adoptium\jdk-21.0.5.11-hotspot\bin;C:\WINDOWS\SYSTEM32;C:\WINDOWS\WinSxS\amd64_microsoft.windows.common-controls_6595b64144ccf1df_6.0.26100.3323_none_3e088096e3344490;C:\Program Files\Eclipse Adoptium\jdk-21.0.5.11-hotspot\bin\server;E:\IntelliJ IDEA 2024.3.1.1\bin

VM Arguments:
jvm_args: -javaagent:E:\IntelliJ IDEA 2024.3.1.1\lib\idea_rt.jar=52240:E:\IntelliJ IDEA 2024.3.1.1\bin -Dfile.encoding=UTF-8 -Dsun.stdout.encoding=UTF-8 -Dsun.stderr.encoding=UTF-8 --module-path=E:\AndroidStuidoProjects\HI1029\target\classes;C:\Users\rambe\.m2\repository\org\openjfx\javafx-controls\20.0.1\javafx-controls-20.0.1-win.jar;C:\Users\rambe\.m2\repository\org\openjfx\javafx-fxml\20.0.1\javafx-fxml-20.0.1-win.jar;C:\Users\rambe\.m2\repository\org\openjfx\javafx-base\20.0.1\javafx-base-20.0.1-win.jar;C:\Users\rambe\.m2\repository\org\openjfx\javafx-graphics\20.0.1\javafx-graphics-20.0.1-win.jar -Djdk.module.main=com.example.hi1029 
java_command: com.example.hi1029/com.example.hi1029.F6.WideBalls
java_class_path (initial): C:\Users\rambe\.m2\repository\org\openjfx\javafx-controls\20.0.1\javafx-controls-20.0.1.jar;C:\Users\rambe\.m2\repository\org\openjfx\javafx-graphics\20.0.1\javafx-graphics-20.0.1.jar;C:\Users\rambe\.m2\repository\org\openjfx\javafx-base\20.0.1\javafx-base-20.0.1.jar;C:\Users\rambe\.m2\repository\org\openjfx\javafx-fxml\20.0.1\javafx-fxml-20.0.1.jar
Launcher Type: SUN_STANDARD

[Global flags]
     intx CICompilerCount                          = 3                                         {product} {ergonomic}
     uint ConcGCThreads                            = 2                                         {product} {ergonomic}
     uint G1ConcRefinementThreads                  = 6                                         {product} {ergonomic}
   size_t G1HeapRegionSize                         = 2097152                                   {product} {ergonomic}
    uintx GCDrainStackTargetSize                   = 64                                        {product} {ergonomic}
   size_t InitialHeapSize                          = 268435456                                 {product} {ergonomic}
   size_t MarkStackSize                            = 4194304                                   {product} {ergonomic}
   size_t MaxHeapSize                              = 4271898624                                {product} {ergonomic}
   size_t MaxNewSize                               = 2562719744                                {product} {ergonomic}
   size_t MinHeapDeltaBytes                        = 2097152                                   {product} {ergonomic}
   size_t MinHeapSize                              = 8388608                                   {product} {ergonomic}
    uintx NonNMethodCodeHeapSize                   = 5832780                                {pd product} {ergonomic}
    uintx NonProfiledCodeHeapSize                  = 122912730                              {pd product} {ergonomic}
     bool PerfDisableSharedMem                     = true                                      {product} {ergonomic}
    uintx ProfiledCodeHeapSize                     = 122912730                              {pd product} {ergonomic}
    uintx ReservedCodeCacheSize                    = 251658240                              {pd product} {ergonomic}
     bool SegmentedCodeCache                       = true                                      {product} {ergonomic}
   size_t SoftMaxHeapSize                          = 4271898624                             {manageable} {ergonomic}
     bool UseCompressedOops                        = true                           {product lp64_product} {ergonomic}
     bool UseG1GC                                  = true                                      {product} {ergonomic}
     bool UseLargePagesIndividualAllocation        = false                                  {pd product} {ergonomic}

Logging:
Log output configuration:
 #0: stdout all=warning uptime,level,tags foldmultilines=false
 #1: stderr all=off uptime,level,tags foldmultilines=false

Environment Variables:
PATH=C:\Program Files\Eclipse Adoptium\jdk-21.0.5.11-hotspot\bin;C:\Python313\Scripts\;C:\Python313\;C:\Program Files (x86)\Common Files\Oracle\Java\java8path;C:\Program Files (x86)\Common Files\Oracle\Java\javapath;C:\WINDOWS\system32;C:\WINDOWS;C:\WINDOWS\System32\Wbem;C:\WINDOWS\System32\WindowsPowerShell\v1.0\;C:\WINDOWS\System32\OpenSSH\;C:\Program Files\NVIDIA Corporation\NVIDIA app\NvDLISR;C:\Program Files (x86)\NVIDIA Corporation\PhysX\Common;C:\Program Files\Git\cmd;C:\ProgramData\chocolatey\bin;C:\Program Files\nodejs\;C:\Program Files\ApacheMaven\bin;C:\Users\rambe\AppData\Local\Programs\Python\Python311\Scripts\;C:\Users\rambe\AppData\Local\Programs\Python\Python311\;C:\Users\rambe\AppData\Local\Microsoft\WindowsApps;C:\Users\rambe\AppData\Local\GitHubDesktop\bin;E:\Microsoft VS Code\bin;E:\nodeJS;C:\Users\rambe\AppData\Roaming\npm;C:\Users\rambe\.local\kthcloud\bin
USERNAME=rambe
OS=Windows_NT
PROCESSOR_IDENTIFIER=Intel64 Family 6 Model 158 Stepping 13, GenuineIntel
TMP=C:\Users\rambe\AppData\Local\Temp
TEMP=C:\Users\rambe\AppData\Local\Temp




Periodic native trim disabled

---------------  S Y S T E M  ---------------

OS:
 Windows 11 , 64 bit Build 26100 (10.0.26100.3323)
OS uptime: 0 days 2:42 hours

CPU: total 6 (initial active 6) (6 cores per cpu, 1 threads per core) family 6 model 158 stepping 13 microcode 0xde, cx8, cmov, fxsr, mmx, 3dnowpref, sse, sse2, sse3, ssse3, sse4.1, sse4.2, popcnt, lzcnt, tsc, tscinvbit, avx, avx2, aes, erms, clmul, bmi1, bmi2, adx, fma, vzeroupper, clflush, clflushopt, rdtscp, f16c
Processor Information for all 6 processors :
  Max Mhz: 3696, Current Mhz: 3696, Mhz Limit: 3696

Memory: 4k page, system-wide physical 16292M (5360M free)
TotalPageFile size 31140M (AvailPageFile size 15093M)
current process WorkingSet (physical memory assigned to process): 144M, peak: 144M
current process commit charge ("private bytes"): 341M, peak: 342M

vm_info: OpenJDK 64-Bit Server VM (21.0.5+11-LTS) for windows-amd64 JRE (21.0.5+11-LTS), built on 2024-10-15T00:00:00Z by "admin" with MS VC++ 17.7 (VS2022)

END.
